<?xml version="1.0" encoding="UTF-8"?>
<!-- Generated by org.testng.reporters.JUnitReportReporter -->
<testsuite skipped="0" hostname="CH-ADN-H84LHM2" name="asf.asf.google.scripts.GoogleSearchAdesso" tests="1" failures="0" timestamp="14 Feb 2018 16:13:40 GMT" time="9.483" errors="0">
  <testcase name="TestGoogleSearchAdesso" time="9.483" classname="asf.asf.google.scripts.GoogleSearchAdesso"/>
</testsuite> <!-- asf.asf.google.scripts.GoogleSearchAdesso -->
